TN:
SF:/Users/bear/dev/moment-leisure-time/config.js
FNF:0
FNH:0
DA:1,1
LF:1
LH:1
BRF:0
BRH:0
end_of_record
TN:
SF:/Users/bear/dev/moment-leisure-time/index.js
FN:5,(anonymous_1)
FN:10,(anonymous_2)
FN:14,(anonymous_3)
FN:18,(anonymous_4)
FN:30,(anonymous_5)
FNF:5
FNH:5
FNDA:2,(anonymous_1)
FNDA:22,(anonymous_2)
FNDA:20,(anonymous_3)
FNDA:6,(anonymous_4)
FNDA:3,(anonymous_5)
DA:2,1
DA:3,1
DA:5,1
DA:6,2
DA:7,2
DA:10,1
DA:11,22
DA:14,1
DA:15,20
DA:18,1
DA:19,6
DA:20,6
DA:21,6
DA:22,18
DA:23,18
DA:24,12
DA:27,6
DA:30,1
DA:31,3
DA:34,1
LF:20
LH:20
BRDA:19,0,0,3
BRDA:19,0,1,3
BRDA:23,1,0,12
BRDA:23,1,1,6
BRDA:23,2,0,18
BRDA:23,2,1,16
BRF:6
BRH:6
end_of_record
